0 silly argv {
0 silly argv   _: [ 'run' ],
0 silly argv   lernaVersion: '5.0.0',
0 silly argv   '$0': '/Users/marcocleirigh/Workspace/react/react-monorepo-1/node_modules/.bin/lerna',
0 silly argv   script: 'build'
0 silly argv }
1 notice cli v5.0.0
2 verbose rootPath /Users/marcocleirigh/Workspace/react/react-monorepo-1
3 info versioning independent
4 error JSONError: Unexpected token "]" (0x5D) in JSON at position 1401 while parsing near "... \"./build\",\n        ]\n      }\n    }\n  }\n..." in packages/example/package.json
4 error
4 error [0m [90m 57 |[39m         [32m"outputs"[39m[33m:[39m [[0m
4 error [0m [90m 58 |[39m           [32m"./build"[39m[33m,[39m[0m
4 error [0m[31m[1m>[22m[39m[90m 59 |[39m         ][0m
4 error [0m [90m    |[39m         [31m[1m^[22m[39m[0m
4 error [0m [90m 60 |[39m       }[0m
4 error [0m [90m 61 |[39m     }[0m
4 error [0m [90m 62 |[39m   }[0m
4 error
4 error     at parseJson (/Users/marcocleirigh/Workspace/react/react-monorepo-1/node_modules/parse-json/index.js:29:21)
4 error     at parse (/Users/marcocleirigh/Workspace/react/react-monorepo-1/node_modules/load-json-file/index.js:15:9)
4 error     at module.exports (/Users/marcocleirigh/Workspace/react/react-monorepo-1/node_modules/load-json-file/index.js:18:47)
